C251 COMPILER V5.60.0,  isr                                                                17/07/23  20:03:16  PAGE 1   


C251 COMPILER V5.60.0, COMPILATION OF MODULE isr
OBJECT MODULE PLACED IN .\Out_File\isr.obj
COMPILER INVOKED BY: D:\Program files\Keil251\C251\BIN\C251.EXE ..\USER\src\isr.c LARGE INTR2 WARNINGLEVEL(3) OPTIMIZE(0
                    -,SPEED) BROWSE INCDIR(..\..\Libraries\libraries;..\..\Libraries\seekfree_libraries;..\..\Libraries\seekfree_peripheral;.
                    -.\CODE;..\USER\inc;..\USER\src) DEBUG PRINT(.\Out_File\isr.lst) TABS(2) OBJECT(.\Out_File\isr.obj) 

stmt  level    source

    1          ///******************************************************************************************************
             -***************
    2          // * COPYRIGHT NOTICE
    3          // * Copyright (c) 2020,逐飞科技
    4          // * All rights reserved.
    5          // * 技术讨论QQ群：一群：179029047(已满)  二群：244861897(已满)  三群：824575535
    6          // *
    7          // * 以下所有内容版权均属逐飞科技所有，未经允许不得用于商业用途，
    8          // * 欢迎各位使用并传播本程序，修改内容时必须保留逐飞科技的版权声明。
    9          // *
   10          // * @file          isr
   11          // * @company       成都逐飞科技有限公司
   12          // * @author        逐飞科技(QQ790875685)
   13          // * @version       查看doc内version文件 版本说明
   14          // * @Software      MDK FOR C251 V5.60
   15          // * @Target core   STC16F40K128
   16          // * @Taobao        https://seekfree.taobao.com/
   17          // * @date          2020-4-14
   18          // ******************************************************************************************************
             -**************/
   19          #include "headfile.h"
   20          #include "data.h"
   21          #include "speed.h"
   22          #include "math.h"
   23          #include "kaerman.h"
   24          #include "filter.h"
   25          #include "keyboard.h"
   26          #include "isr.h"
   27          char *p = uart_str;
   28          int16 spL;
   29          int16 spR;
   30          float k1;
   31          // UART1中断
   32          void UART1_Isr() interrupt 4
   33          {
   34   1          uint8 res;
   35   1          static uint8 dwon_count;
   36   1          if (UART1_GET_TX_FLAG)
   37   1          {
   38   2              UART1_CLEAR_TX_FLAG;
   39   2              busy[1] = 0;
   40   2          }
   41   1          if (UART1_GET_RX_FLAG)
   42   1          {
   43   2              UART1_CLEAR_RX_FLAG;
   44   2              res = SBUF;
   45   2              *p = (char)SBUF;
   46   2              if (*p == '#')
   47   2              {
   48   3                  *++p = '\0';
   49   3                  p = uart_str;
   50   3                  finish_flag = 1;
   51   3              }
   52   2              else
   53   2              {
   54   3                  p++;
   55   3              }
C251 COMPILER V5.60.0,  isr                                                                17/07/23  20:03:16  PAGE 2   

   56   2      
   57   2              // uart_putchar(DEBUG_UART,SBUF);
   58   2              //程序自动下载
   59   2              if (res == 0x7F)
   60   2              {
   61   3                  if (dwon_count++ > 20)
   62   3                      IAP_CONTR = 0x60;
   63   3              }
   64   2              else
   65   2              {
   66   3                  dwon_count = 0;
   67   3              }
   68   2          }
   69   1      }
   70          
   71          // UART2中断
   72          void UART2_Isr() interrupt 8
   73          {
   74   1          if (UART2_GET_TX_FLAG)
   75   1          {
   76   2              UART2_CLEAR_TX_FLAG;
   77   2              busy[2] = 0;
   78   2          }
   79   1          if (UART2_GET_RX_FLAG)
   80   1          {
   81   2              UART2_CLEAR_RX_FLAG;
   82   2              //接收数据寄存器为：S2BUF
   83   2          }
   84   1      }
   85          
   86          // UART3中断
   87          void UART3_Isr() interrupt 17
   88          {
   89   1          if (UART3_GET_TX_FLAG)
   90   1          {
   91   2              UART3_CLEAR_TX_FLAG;
   92   2              busy[3] = 0;
   93   2          }
   94   1          if (UART3_GET_RX_FLAG)
   95   1          {
   96   2              UART3_CLEAR_RX_FLAG;
   97   2              //接收数据寄存器为：S3BUF
   98   2          }
   99   1      }
  100          
  101          // UART4中断
  102          void UART4_Isr() interrupt 18
  103          {
  104   1          if (UART4_GET_TX_FLAG)
  105   1          {
  106   2              UART4_CLEAR_TX_FLAG;
  107   2              busy[4] = 0;
  108   2          }
  109   1          if (UART4_GET_RX_FLAG)
  110   1          {
  111   2              UART4_CLEAR_RX_FLAG;
  112   2              //接收数据寄存器为：S4BUF;
  113   2      
  114   2              //接收数据寄存器为：S4BUF;
  115   2              if (wireless_type == WIRELESS_SI24R1)
  116   2              {
  117   3                  wireless_uart_callback(); //无线转串口回调函数
  118   3              }
  119   2              else if (wireless_type == WIRELESS_CH9141)
  120   2              {
  121   3                  bluetooth_ch9141_uart_callback(); //蓝牙转串口回调函数
C251 COMPILER V5.60.0,  isr                                                                17/07/23  20:03:16  PAGE 3   

  122   3              }
  123   2              else if (wireless_type == WIRELESS_CH573)
  124   2              {
  125   3                  wireless_ch573_callback(); // CH573无线模块回调函数
  126   3              }
  127   2          }
  128   1      }
  129          
  130          void INT0_Isr() interrupt 0
  131          {
  132   1          encoder_count++;
  133   1      }
  134          void INT1_Isr() interrupt 2
  135          {
  136   1      }
  137          void INT2_Isr() interrupt 10
  138          {
  139   1          INT2_CLEAR_FLAG; //清除中断标志
  140   1      }
  141          void INT3_Isr() interrupt 11
  142          {
  143   1          INT3_CLEAR_FLAG; //清除中断标志
  144   1      }
  145          
  146          void INT4_Isr() interrupt 16
  147          {
  148   1          INT4_CLEAR_FLAG; //清除中断标志
  149   1      }
  150          
  151          void TM0_Isr() interrupt 1
  152          {
  153   1      }
  154          void TM1_Isr() interrupt 3
  155          {
  156   1      }
  157          void TM2_Isr() interrupt 12
  158          {
  159   1          TIM2_CLEAR_FLAG; //清除中断标志
  160   1      }
  161          void TM3_Isr() interrupt 19
  162          {
  163   1          TIM3_CLEAR_FLAG; //清除中断标志
  164   1      }
  165          
  166          #define DIRL P35
  167          #define DIRR P53
  168          
  169          #define MAX_MIDDLE 769.0
  170          #define MIN_MIDDLE 213.0
  171          void TM4_Isr() interrupt 20
  172          {
  173   1          TIM4_CLEAR_FLAG;     //清除中断标志
  174   1          dl1a_get_distance(); //获取TOF距离
  175   1      
  176   1          tof_distance = dl1a_distance_mm;
  177   1          time_count++;
  178   1          //获取电感的读数
  179   1          adc_select();
  180   1          /*adc_data[0] = MovingAverageFilter0(adc_once(ADC_P00, ADC_10BIT));
  181   1          adc_data[1] = MovingAverageFilter1(adc_once(ADC_P01, ADC_10BIT));
  182   1          adc_data[2] = MovingAverageFilter2(adc_once(ADC_P05, ADC_10BIT));
  183   1          adc_data[3] = MovingAverageFilter3(adc_once(ADC_P06, ADC_10BIT));
  184   1          adc_data[4] = MovingAverageFilter4(adc_once(ADC_P02, ADC_10BIT));
  185   1          adc_data[5] = MovingAverageFilter5(adc_once(ADC_P10, ADC_10BIT));
  186   1          adc_data[6] = MovingAverageFilter6(adc_once(ADC_P11, ADC_10BIT));
  187   1          adc_data[7] = MovingAverageFilter7(adc_once(ADC_P15, ADC_10BIT));
C251 COMPILER V5.60.0,  isr                                                                17/07/23  20:03:16  PAGE 4   

  188   1          adc_data[8] = MovingAverageFilter8(adc_once(ADC_P16, ADC_10BIT));
  189   1          adc_data[9] = MovingAverageFilter9(adc_once(ADC_P14, ADC_10BIT));*/
  190   1          /*adc_data[0] = adc_once(ADC_P00, ADC_10BIT);
  191   1          adc_data[1] = adc_once(ADC_P01, ADC_10BIT);
  192   1          adc_data[2] = adc_once(ADC_P05, ADC_10BIT);
  193   1          adc_data[3] = adc_once(ADC_P06, ADC_10BIT);
  194   1          adc_data[4] = adc_once(ADC_P02, ADC_10BIT);
  195   1          adc_data[5] = adc_once(ADC_P10, ADC_10BIT);
  196   1          adc_data[6] = adc_once(ADC_P11, ADC_10BIT);
  197   1          adc_data[7] = adc_once(ADC_P15, ADC_10BIT);
  198   1          adc_data[8] = adc_once(ADC_P16, ADC_10BIT);
  199   1          adc_data[9] = adc_once(ADC_P14, ADC_10BIT);*/
  200   1          Angle_Cal();                           //姿态解算
  201   1          all_distance += (speedL + speedR) / 2; //全局行驶距离
  202   1          // imu963ra_get_mag();                         //获取磁力计数据
  203   1          gyro1 = (float)KalmanFilter((double)imu963ra_gyro_z); //陀螺仪值（滤波后）
  204   1          // gyro1 = (float)imu963ra_gyro_z;
  205   1          gyro = gyro1 - gyro_add; //除零飘
  206   1          if (gyro > 5000)
  207   1          {
  208   2              gyro = 5000;
  209   2          }
  210   1          if (gyro < -5000)
  211   1          {
  212   2              gyro = -5000;
  213   2          }
  214   1          all_angle += gyro / 2922.22; //转化为实际物理量
  215   1          // if (all_angle < -180)
  216   1          //     all_angle += 360;
  217   1          // if (all_angle > 180)
  218   1          //     all_angle -= 360;
  219   1          // all_angle =all_angle % 180;
  220   1          //普通差比和，线性度较差
  221   1          //   k=50*(adc_data[3]-adc_data[0])/(adc_data[3]+adc_data[0]);
  222   1      
  223   1          //计算误差K，使用带根号的差比和算法更加线性
  224   1          if (adc_data[4] > 0 && adc_data[0] > 0)
  225   1              k = -50 * (sqrt(adc_data[4]) - sqrt(adc_data[0])) / (sqrt(adc_data[4]) + sqrt(adc_data[0]));
  226   1          if (adc_data[5] > 0 && adc_data[9] > 0)
  227   1              k1 = -50 * (sqrt(adc_data[9]) - sqrt(adc_data[5])) / (sqrt(adc_data[9]) + sqrt(adc_data[5]));
  228   1      
  229   1          if (adc_data[4]<120 && adc_data[0]<120 && annulus_flag == 0)
  230   1          {
  231   2              k = k1;
  232   2          }
  233   1          // k = 50 * (sqrt(adc_data[3]) - sqrt(adc_data[0])) / ( sqrt(adc_data[3]) + sqrt(adc_data[2]) + sqrt(
             -adc_data[0]) );
  234   1          // else
  235   1          //    k = 0;
  236   1          // if (sqrt(MAX_MIDDLE) - sqrt((float)adc_data[2]) > 0)
  237   1          // {
  238   1          //     // k=50*(sqrt(MAX_MIDDLE)-sqrt((float)adc_data[2]))/sqrt(MAX_MIDDLE);
  239   1          //     k = 50 * fabs((sqrt(MAX_MIDDLE) - sqrt((float)adc_data[2])) / (sqrt(MAX_MIDDLE)));
  240   1          //     if (k > 50)
  241   1          //         k = 50;
  242   1          // }
  243   1          // else
  244   1          // {
  245   1          //     k = 0;
  246   1          // }
  247   1      
  248   1          // if (adc_data[4] > adc_data[0])
  249   1          //     k *= -1;
  250   1      
  251   1          // if (adc_data[2] > MAX_MIDDLE + 10)
  252   1          // {
C251 COMPILER V5.60.0,  isr                                                                17/07/23  20:03:16  PAGE 5   

  253   1          //     k = 50 * (sqrt(adc_data[4]) - sqrt(adc_data[0])) / (sqrt(adc_data[4]) + sqrt(adc_data[0]));
  254   1          //     if (k > 50)
  255   1          //         k = 50;
  256   1          // }
  257   1      
  258   1          
  259   1      
  260   1          renew(); //控制函数
  261   1          //读取实际速度
  262   1          spL = ctimer_count_read(CTIM0_P34);
  263   1          spR = ctimer_count_read(CTIM3_P04);
  264   1      
  265   1          if (DIRL == 1)
  266   1          {
  267   2              if (spL < 600)
  268   2                  speedL = spL;
  269   2          }
  270   1          else
  271   1          {
  272   2              if (spL < 600)
  273   2                  speedL = spL * -1;
  274   2          }
  275   1          ctimer_count_clean(CTIM0_P34);
  276   1          if (DIRR != 1)
  277   1          {
  278   2              if (spR < 600)
  279   2                  speedR = spR;
  280   2          }
  281   1          else
  282   1          {
  283   2              if (spR < 600)
  284   2                  speedR = spR * -1;
  285   2          }
  286   1          ctimer_count_clean(CTIM3_P04);
  287   1      
  288   1          if (P67 != 1)
  289   1          {
  290   2              speed3 = -(int16)encoder_count;
  291   2          }
  292   1          else
  293   1          {
  294   2              speed3 = encoder_count;
  295   2          }
  296   1          encoder_count = 0;
  297   1      }
  298          
  299          // void  INT0_Isr()  interrupt 0;
  300          // void  TM0_Isr()   interrupt 1;
  301          // void  INT1_Isr()  interrupt 2;
  302          // void  TM1_Isr()   interrupt 3;
  303          // void  UART1_Isr() interrupt 4;
  304          // void  ADC_Isr()   interrupt 5;
  305          // void  LVD_Isr()   interrupt 6;
  306          // void  PCA_Isr()   interrupt 7;
  307          // void  UART2_Isr() interrupt 8;
  308          // void  SPI_Isr()   interrupt 9;
  309          // void  INT2_Isr()  interrupt 10;
  310          // void  INT3_Isr()  interrupt 11;
  311          // void  TM2_Isr()   interrupt 12;
  312          // void  INT4_Isr()  interrupt 16;
  313          // void  UART3_Isr() interrupt 17;
  314          // void  UART4_Isr() interrupt 18;
  315          // void  TM3_Isr()   interrupt 19;
  316          // void  TM4_Isr()   interrupt 20;
  317          // void  CMP_Isr()   interrupt 21;
  318          // void  I2C_Isr()   interrupt 24;
C251 COMPILER V5.60.0,  isr                                                                17/07/23  20:03:16  PAGE 6   

  319          // void  USB_Isr()   interrupt 25;
  320          // void  PWM1_Isr()  interrupt 26;
  321          // void  PWM2_Isr()  interrupt 27;


Module Information          Static   Overlayable
------------------------------------------------
  code size            =      1444     ------
  ecode size           =    ------     ------
  data size            =    ------     ------
  idata size           =    ------     ------
  pdata size           =    ------     ------
  xdata size           =        14     ------
  xdata-const size     =    ------     ------
  edata size           =    ------     ------
  bit size             =    ------     ------
  ebit size            =    ------     ------
  bitaddressable size  =    ------     ------
  ebitaddressable size =    ------     ------
  far data size        =    ------     ------
  huge data size       =    ------     ------
  const size           =    ------     ------
  hconst size          =         9     ------
End of Module Information.


C251 COMPILATION COMPLETE.  0 WARNING(S),  0 ERROR(S)
