C251 COMPILER V5.60.0,  ringjudge                                                          17/07/23  21:37:29  PAGE 1   


C251 COMPILER V5.60.0, COMPILATION OF MODULE ringjudge
OBJECT MODULE PLACED IN .\Out_File\ringjudge.obj
COMPILER INVOKED BY: D:\Program files\Keil251\C251\BIN\C251.EXE ..\CODE\ringjudge.c LARGE INTR2 WARNINGLEVEL(3) OPTIMIZE
                    -(0,SPEED) BROWSE INCDIR(..\..\Libraries\libraries;..\..\Libraries\seekfree_libraries;..\..\Libraries\seekfree_peripheral
                    -;..\CODE;..\USER\inc;..\USER\src) DEBUG PRINT(.\Out_File\ringjudge.lst) TABS(2) OBJECT(.\Out_File\ringjudge.obj) 

stmt  level    source

    1          #include "ringjudge.h"
    2          #include "math.h"
    3          #include "data.h"
    4          
    5          uint8 Ring_forecast = 0;
    6          int8 annulus_flag = 0;
    7          uint8 last_annulus_flag = 0;
    8          uint8 annulus_flag_k_index = 0;
    9          
   10          uint8 Ring_in = 0;
   11          uint8 Ring_running = 0;
   12          uint8 Ring_out = 0;
   13          uint8 Left_Annulus = 0;
   14          uint8 Ring_finish = 0;
   15          uint8 first_flag = 0;
   16          uint8 straight_flag = 0;
   17          uint16 gyro_x_count = 0;
   18          
   19          int8 many_ring = 0;
   20          
   21          uint8 angle_integral_flag1 = 0;
   22          uint8 angle_integral_flag2 = 0;
   23          uint8 distance_integral_flag1 = 0; // 路程积分标志位
   24          uint8 distance_integral_flag2 = 0; // 路程积分标志位
   25          
   26          uint8 if_first_dis1 = 0;
   27          int16 k_add = 0; // k值累加
   28          
   29          float angle1 = 0; // 菜单显示积分
   30          float angle2 = 0;
   31          float obstacle_angle = 0;
   32          int16 distance1 = 0;
   33          int16 distance2 = 0;
   34          
   35          uint16 tof_count = 0;   // 记录十次中采集到TOF读数小于320的次数
   36          uint8 tof_count_flag = 0; // 检测到障碍物的次数
   37          uint8 dodge_flag = 0;   // 避障标志位
   38          int16 ringK = 0;
   39          
   40          void Ring_control(void)
   41          {
   42   1        last_annulus_flag = annulus_flag;
   43   1      
   44   1        // 编码器积分
   45   1        if (distance_integral_flag1)
   46   1        {
   47   2          distance1 += (abs(speedL) + abs(speedR)) / 2;
   48   2        }
   49   1      
   50   1        if (angle_integral_flag1)
   51   1        {
   52   2          angle1 += gyro / 2860;
   53   2        }
   54   1      
   55   1        if (annulus_flag > 0)
   56   1        {
   57   2          P77 = 1;
C251 COMPILER V5.60.0,  ringjudge                                                          17/07/23  21:37:29  PAGE 2   

   58   2          setSpeedLR(sp_set / 1.8);
   59   2        }
   60   1        else
   61   1        {
   62   2          P77 = 0;
   63   2        }
   64   1      
   65   1        Ring_forecast = 1;
   66   1      
   67   1        //----------圆环入----------//
   68   1        if (adc_data[7] > 575 && annulus_flag == 0 && adc_data[1] < 350 && adc_data[3] < 350)
   69   1        {
   70   2          Ring_in = 1;    // 圆环进入标志位
   71   2          annulus_flag = 1; // 打开标志位1
   72   2          distance1 = 0;    // 距离积分
   73   2          distance_integral_flag1 = 1;
   74   2          k_add = 0;
   75   2          angle_integral_flag1 = 1; // 启动陀螺仪积分
   76   2        }
   77   1      
   78   1      
   79   1        switch (RingR[Ring_cnt]) // 根据圆环次序赋不同的dis1和dis2
   80   1        {
   81   2        case 0:
   82   2          ringK = ring_set_k[SMALLRING];
   83   2          dis1 = Ring_Dis1[SMALLRING];
   84   2          dis2 = Ring_Dis2[SMALLRING];
   85   2          break;
   86   2        case 1:
   87   2          ringK = ring_set_k[MIDRING];
   88   2          dis1 = Ring_Dis1[MIDRING];
   89   2          dis2 = Ring_Dis2[MIDRING];
   90   2          break;
   91   2        case 2:
   92   2          ringK = ring_set_k[BIGRING];
   93   2          dis1 = Ring_Dis1[BIGRING];
   94   2          dis2 = Ring_Dis2[BIGRING];
   95   2          break;
   96   2        }
   97   1      
   98   1      
   99   1        HO_cnt = HO_cnt + 1 - 2 * start_diration;
  100   1        //element_cnt = element_cnt + 1 - 2 * start_diration; // 根据发车方向不同加减element_cnt,左加右减
  101   1      
  102   1        if (annulus_flag == 1 && annulus_flag != 0)
  103   1        {
  104   2          if (distance1 < dis1 && annulus_flag != 0)
  105   2          {
  106   3            if (adc_data[1] < adc_data[3])
  107   3            {
  108   4              k_add += 1;
  109   4            }
  110   3            else
  111   3            {
  112   4              k_add -= 1;
  113   4            }
  114   3          }
  115   2      
  116   2          if (distance1 > dis1 && distance1 < dis2 && annulus_flag != 0) // 控制固定打角的时间50---100
  117   2          {
  118   3            if (first_flag == 0) // 判断环向
  119   3            {
  120   4              if (adc_data[1] < adc_data[3])
  121   4              {
  122   5                Left_Annulus = 1;
  123   5              }
C251 COMPILER V5.60.0,  ringjudge                                                          17/07/23  21:37:29  PAGE 3   

  124   4              first_flag = 1;
  125   4            }
  126   3      
  127   3            // 如果可以识别到圆环，但是进不了的话修改下面这里打角幅度或者修改上面的时间
  128   3            if (Left_Annulus == 1) // 左环入
  129   3            {
  130   4              // adc_data[0] = adc_data[3]+80;
  131   4              // k=-40;
  132   4              // if (adc_data[2] > 500)
  133   4              // {
  134   4              k = (-exp(-8 * ((float)(distance1 - dis1) / (dis2 - dis1))) + 1) * -ringK;
  135   4              // }
  136   4      
  137   4              // pidR.setpoint *= 1.8;
  138   4              //  pwm_duty(PWB_CH1_P74,angle_max);  //强行向左打角（右电机加速）
  139   4            }
  140   3            else if (!Left_Annulus) // 右环入
  141   3            {
  142   4              // if (adc_data[2] > 500)
  143   4              // {
  144   4              k = (-exp(-8 * (((float)distance1 - dis1) / (dis2 - dis1))) + 1) * ringK;
  145   4              // }
  146   4              // pidS.result = 2000;
  147   4              // pidL.setpoint *= 1.8;
  148   4              //  adc_data[3] = adc_data[0]+80;
  149   4              //  pwm_duty(PWMB_CH1_P74,640); //强行向右打角（左电机加速）
  150   4            }
  151   3          }
  152   2          else if (distance1 >= dis2 && annulus_flag != 0) // 拐进去后正常循迹
  153   2          {
  154   3            if_first_dis1 = 0;
  155   3            annulus_flag = 2;
  156   3            distance1 = 0;
  157   3            distance_integral_flag1 = 1;
  158   3            k_add = 0;
  159   3          }
  160   2        }
  161   1        // else if (annulus_flag == 2)
  162   1        // {
  163   1        //  if (distance1 > 5000)
  164   1        //  {
  165   1        //    annulus_flag = many_ring;
  166   1        //    distance1 = 0;
  167   1        //    distance_integral_flag1 = 0; //停止路程积分
  168   1        //  }
  169   1        // }
  170   1        else if (annulus_flag == 2) // 在环岛内
  171   1        {
  172   2          if (abs(angle1) > 9500)
  173   2          {
  174   3            distance_integral_flag1 = 1; // 开启路程积分
  175   3            annulus_flag = -1;
  176   3            // annulus_flag = 0; //出环
  177   3            annulus_flag_k_index++;
  178   3          }
  179   2        }
  180   1        // else if (annulus_flag == 3) //打角出环
  181   1        // {
  182   1        //  if (distance1 < 2600 /*&&Annulus_Distance>500*/) //控制固定打角的时间50---100   非常重要！！！！！！
             -！！！！！！
  183   1        //  {
  184   1        //    if (Left_Annulus == 1) //左环出
  185   1        //    {
  186   1        //      pidS.result = 1200;
  187   1        //    }
  188   1        //    else if (!Left_Annulus) //右环出
C251 COMPILER V5.60.0,  ringjudge                                                          17/07/23  21:37:29  PAGE 4   

  189   1        //    {
  190   1        //      pidS.result = -1200;
  191   1        //    }
  192   1        //  }
  193   1        //  else if (/*distance > 2600*/ 1) //环岛结束
  194   1        //  {
  195   1        //    annulus_flag = 4; //转向结束
  196   1        //    distance1 = 0;
  197   1        //    distance_integral_flag1 = 1; //继续路程积分防止直接进入环岛
  198   1        //    k_add = 0;
  199   1        //  }
  200   1        // }
  201   1        // else if (annulus_flag == 4)
  202   1        // {
  203   1        //  if (distance1 > 10000)
  204   1        //  {
  205   1        //    all_reset();
  206   1        //  }
  207   1        // }
  208   1      
  209   1        // 坡道防误判为环岛
  210   1        if (abs(imu963ra_gyro_x) > 1000)
  211   1        {
  212   2          gyro_x_count++;
  213   2        }
  214   1        else
  215   1        {
  216   2          gyro_x_count = 0;
  217   2        }
  218   1        if (gyro_x_count >= 3)
  219   1        {
  220   2          all_reset();
  221   2        }
  222   1      }
  223          
  224          void obstacle_control(void)
  225          {
  226   1        if (dodge_flag == 1)
  227   1        {
  228   2          P77 = 1;
  229   2        }
  230   1        else
  231   1        {
  232   2          P77 = 0;
  233   2        }
  234   1        if (distance_integral_flag2)
  235   1        {
  236   2          distance2 += (spL + spR) * 0.005 / 2;
  237   2        }
  238   1        if (1)
  239   1        {
  240   2          obstacle_angle += gyro / 2860;
  241   2          angle2 = MovingAverageFilter_0(obstacle_angle);
  242   2        }
  243   1        /***********************避障******************************/
  244   1        if (dodge_flag == 0 && all_distance > 20000 /*&& leave_flag >= 3*/)
  245   1        {
  246   2          // 检测十次  tof
  247   2          if (tof_distance <= tof_dis)
  248   2          {
  249   3            tof_count++;
  250   3          }
  251   2          tof_count_flag++; // 物体检测次数++
  252   2          if (tof_count_flag == 10 )
  253   2          {
  254   3            if (tof_count >= 8 && PO_or_OBSTACLE[HO_cnt + 1 - 2*start_diration] == 1) //要上一个元素判成功才能正常
C251 COMPILER V5.60.0,  ringjudge                                                          17/07/23  21:37:29  PAGE 5   

             -判
  255   3            {
  256   4              distance2 = 0;
  257   4              distance_integral_flag2 = 1; // 开始积分距离
  258   4      
  259   4              angle1 = 0;
  260   4              angle_integral_flag1 = 1; // 开始积分角度
  261   4      
  262   4              dodge_flag++;
  263   4      
  264   4              HO_cnt = HO_cnt + 1 - 2*start_diration; //下一个元素
  265   4      
  266   4            }
  267   3            tof_count_flag = 0;
  268   3          }
  269   2        }
  270   1        else if (dodge_flag == 1) // 要转角
  271   1        {
  272   2          // 左打角
  273   2          pidS.setpoint = exp(-((0.002 * distance2 * distance2) / (2.0 * 100 * 100))) * 250;
  274   2          if (angle1 > 25 && distance2 > 40)
  275   2          {
  276   3            angle1 = 0;
  277   3            distance2 = 0;
  278   3            dodge_flag++;
  279   3          }
  280   2        }
  281   1        else if (dodge_flag == 2)
  282   1        {
  283   2          // 打回正向
  284   2          pidS.result = exp(-((0.002 * distance2 * distance2) / (2.0 * 100 * 100))) * -150;
  285   2          if (angle1 < -25 && distance2 > 40)
  286   2          {
  287   3            angle1 = 0;
  288   3            distance2 = 0;
  289   3            dodge_flag++;
  290   3          }
  291   2        }
  292   1        else if (dodge_flag == 3)
  293   1        {
  294   2          // 右打角
  295   2          pidS.result = exp(-((0.003 * distance2 * distance2) / (2.0 * 100 * 100))) * -125;
  296   2          if (angle1 < -25 && distance2 > 40)
  297   2          {
  298   3            angle1 = 0;
  299   3            distance2 = 0;
  300   3            dodge_flag++;
  301   3          }
  302   2        }
  303   1        else if (dodge_flag == 4)
  304   1        {
  305   2          // 左打角回正
  306   2          pidS.result = exp(-((0.003 * distance2 * distance2) / (2.0 * 100 * 100))) * 125;
  307   2          if (angle1 > 25 && distance2 > 40)
  308   2          {
  309   3            angle1 = 0;
  310   3            distance2 = 0;
  311   3      
  312   3            distance_integral_flag2 = 0; // 停止路程积分
  313   3            angle_integral_flag1 = 0;  // 停止角度积分
  314   3      
  315   3            dodge_flag++;
  316   3          }
  317   2        }
  318   1        else if (dodge_flag == 5)
  319   1        {
C251 COMPILER V5.60.0,  ringjudge                                                          17/07/23  21:37:29  PAGE 6   

  320   2          distance_integral_flag2 = 1;
  321   2          if (distance2 > 10000)
  322   2          {
  323   3            dodge_flag = 6;
  324   3            // obstacle_reset();  //继续避障则取消注释
  325   3          }
  326   2        }
  327   1      }
  328          
  329          void all_reset()
  330          {
  331   1        angle = 0;
  332   1        distance1 = 0;
  333   1        Ring_forecast = 0;
  334   1        annulus_flag = 0;
  335   1        Ring_in = 0;
  336   1        Ring_running = 0;
  337   1        Ring_out = 0;
  338   1        Left_Annulus = 0;
  339   1        Ring_finish = 0;
  340   1        first_flag = 0;
  341   1        k_add = 0;
  342   1        // tof_count = 0;
  343   1        // dodge_flag = 0;
  344   1        // angle2 = 0;
  345   1        // distance2 = 0;
  346   1        angle_integral_flag1 = 0;
  347   1        // angle_integral_flag2 = 0;
  348   1        distance_integral_flag1 = 0; // 路程积分标志位
  349   1        // distance_integral_flag2 = 0; //路程积分标志位
  350   1      }
  351          
  352          void obstacle_reset()
  353          {
  354   1        tof_count = 0;
  355   1        dodge_flag = 0; // 重新避障
  356   1      
  357   1        angle2 = 0;
  358   1        angle_integral_flag2 = 0;
  359   1      
  360   1        angle1 = 0;
  361   1        angle_integral_flag1 = 0;
  362   1      
  363   1        distance2 = 0;
  364   1        distance_integral_flag2 = 0;
  365   1      }


Module Information          Static   Overlayable
------------------------------------------------
  code size            =      2281     ------
  ecode size           =    ------     ------
  data size            =    ------     ------
  idata size           =    ------     ------
  pdata size           =    ------     ------
  xdata size           =        43     ------
  xdata-const size     =    ------     ------
  edata size           =    ------     ------
  bit size             =    ------     ------
  ebit size            =    ------     ------
  bitaddressable size  =    ------     ------
  ebitaddressable size =    ------     ------
  far data size        =    ------     ------
  huge data size       =    ------     ------
  const size           =    ------     ------
  hconst size          =       183     ------
End of Module Information.

C251 COMPILER V5.60.0,  ringjudge                                                          17/07/23  21:37:29  PAGE 7   


C251 COMPILATION COMPLETE.  0 WARNING(S),  0 ERROR(S)
